STEP to UG
! INFO-     NX STEP AP203 - V10.0
! INFO-      
! INFO-     Start of Translation: 27-MAY-2016  1:37:35 PM
! INFO-      
! STATUS-   Converting Part: C:\Users\ceinem\Documents\GitHub\BarBot\Design\Pump\Pump_Total.stp
! SUMMARY-   
! SUMMARY-    STEP Header Information
! SUMMARY-   
! SUMMARY-  Description      Unknown
! SUMMARY-  Imp_Level        2;1
! SUMMARY-  File_Name        C:\Users\Cornelius\Desktop\CAD Pump\Pump_Total.stp
! SUMMARY-  Date             2016-05-14T20:31:36+02:00
! SUMMARY-  Author           Cornelius
! SUMMARY-  Organization     Unknown
! SUMMARY-  Pre_Version      ST-DEVELOPER v16.5
! SUMMARY-  Orig_System      Autodesk Inventor 2017
! SUMMARY-  Authorization    Unknown
! SUMMARY-  Schema_ID        automotive_design
! SUMMARY-   
! SUMMARY-    Summary of STEP Entities
! SUMMARY-   
! SUMMARY-  Entity Type                                                   Count
! SUMMARY-  -----------                                                   ------
! SUMMARY-  advanced_brep_shape_representation .........................:      4
! SUMMARY-  advanced_face ..............................................:   1372
! SUMMARY-  application_context ........................................:      1
! SUMMARY-  application_protocol_definition ............................:      1
! SUMMARY-  axis2_placement_3d .........................................:   1720
! SUMMARY-  b_spline_curve_with_knots ..................................:    167
! SUMMARY-  b_spline_curve_with_knots_and_rational_b_spline_curve ......:     17
! SUMMARY-  b_spline_surface_with_knots ................................:     67
! SUMMARY-  b_spline_surface_with_knots_and_rational_b_spline_surface ..:      2
! SUMMARY-  calendar_date ..............................................:      5
! SUMMARY-  cartesian_point ............................................:  17955
! SUMMARY-  circle .....................................................:    375
! SUMMARY-  closed_shell ...............................................:      4
! SUMMARY-  conical_surface ............................................:     30
! SUMMARY-  context_dependent_shape_representation .....................:      4
! SUMMARY-  conversion_based_unit_and_plane_angle_unit .................:      1
! SUMMARY-  coordinated_universal_time_offset ..........................:      5
! SUMMARY-  cylindrical_surface ........................................:    160
! SUMMARY-  date_and_time ..............................................:      5
! SUMMARY-  date_time_role .............................................:      5
! SUMMARY-  dimensional_exponents ......................................:      1
! SUMMARY-  direction ..................................................:   5990
! SUMMARY-  edge_curve .................................................:   3138
! SUMMARY-  edge_loop ..................................................:   1575
! SUMMARY-  ellipse ....................................................:     33
! SUMMARY-  face_bound .................................................:    203
! SUMMARY-  face_outer_bound ...........................................:   1372
! SUMMARY-  geometric_representation_context_and_global_uncertainty_a ..:      6
! SUMMARY-  geometric_set ..............................................:      1
! SUMMARY-  geometrically_bounded_surface_shape_representation .........:      1
! SUMMARY-  item_defined_transformation ................................:      4
! SUMMARY-  length_unit_and_si_unit ....................................:      1
! SUMMARY-  line .......................................................:   2550
! SUMMARY-  local_time .................................................:      5
! SUMMARY-  manifold_solid_brep ........................................:      4
! SUMMARY-  next_assembly_usage_occurrence .............................:      4
! SUMMARY-  oriented_edge ..............................................:   6282
! SUMMARY-  plane ......................................................:   1072
! SUMMARY-  plane_angle_measure_with_unit ..............................:      1
! SUMMARY-  plane_angle_unit_and_si_unit ...............................:      1
! SUMMARY-  product ....................................................:      5
! SUMMARY-  product_context ............................................:      1
! SUMMARY-  product_definition .........................................:      5
! SUMMARY-  product_definition_context .................................:      1
! SUMMARY-  product_definition_formation ...............................:      5
! SUMMARY-  product_definition_shape ...................................:      9
! SUMMARY-  product_related_product_category ...........................:      5
! SUMMARY-  representation_relationship_with_transformation_and_shape ..:      4
! SUMMARY-  shape_definition_representation ............................:      5
! SUMMARY-  shape_representation .......................................:      5
! SUMMARY-  shape_representation_relationship ..........................:      5
! SUMMARY-  si_unit_and_solid_angle_unit ...............................:      1
! SUMMARY-  spherical_surface ..........................................:     16
! SUMMARY-  toroidal_surface ...........................................:     25
! SUMMARY-  trimmed_curve ..............................................:      4
! SUMMARY-  uncertainty_measure_with_unit ..............................:      6
! SUMMARY-  vector .....................................................:   2550
! SUMMARY-  vertex_point ...............................................:   1941
! SUMMARY-                                                               -------
! SUMMARY-  Total                                                          48737
! STATUS-    
! STATUS-   Converting to Output Form (Phase 2 of 3): 27-MAY-2016 1:37:36 PM
! STATUS-    
! STATUS-    
! STATUS-   Generating UG geometry and placing them in parts
! STATUS-    
! STATUS-   Creating the UG part (Phase 3 of 3): 27-MAY-2016  1:37:36 PM
! STATUS-    
! STATUS-   Creating UG solid body from Input Ent Id 1154
! STATUS-    
! STATUS-   fixing vertex off curve and/or edge reversed faults
! STATUS-    
! STATUS-   fixing vertex and/or edge off surface faults
! STATUS-    
! STATUS-   simplifying Bsplines to analytics
! STATUS-    
! STATUS-   converting tolerant edges into exact edges
! STATUS-    
! STATUS-   doing final check of body to report any faults
! STATUS-    
! INFO-     Filing Part ..: C:\Users\ceinem\Documents\GitHub\BarBot\Design\Pump\Pump_Adapter49893
! SUMMARY-   
! SUMMARY-  Summary of Unigraphics Part Entities
! SUMMARY-   
! SUMMARY-  Entities Processed             Count
! SUMMARY-  ------------------             -----
! SUMMARY-  Solid .......................:     1
! SUMMARY-                                 -----
! SUMMARY-  Total                              1
! STATUS-   Creating the UG part (Phase 3 of 3): 27-MAY-2016  1:37:36 PM
! STATUS-    
! STATUS-   Creating UG solid body from Input Ent Id 1153
! STATUS-    
! STATUS-   fixing vertex off curve and/or edge reversed faults
! STATUS-    
! STATUS-   fixing vertex and/or edge off surface faults
! STATUS-    
! STATUS-   simplifying Bsplines to analytics
! STATUS-    
! STATUS-   converting tolerant edges into exact edges
! STATUS-    
! STATUS-   doing final check of body to report any faults
! STATUS-    
! INFO-     Filing Part ..: C:\Users\ceinem\Documents\GitHub\BarBot\Design\Pump\Honlite Axes Adapter
! SUMMARY-   
! SUMMARY-  Summary of Unigraphics Part Entities
! SUMMARY-   
! SUMMARY-  Entities Processed             Count
! SUMMARY-  ------------------             -----
! SUMMARY-  Line ........................:     4
! SUMMARY-  Solid .......................:     1
! SUMMARY-                                 -----
! SUMMARY-  Total                              5
! STATUS-   Creating the UG part (Phase 3 of 3): 27-MAY-2016  1:37:38 PM
! STATUS-    
! STATUS-   Creating UG solid body from Input Ent Id 1152
! STATUS-    
! ERROR-    CRTOBY Failure - Error code : 15111 - Too many parents. : 13417
! ERROR-     
! INFO-     Could not create solid body because of topology creation, geometry
! INFO-     creation, or failure to attach geometry to topology.  Will attempt
! INFO-     to convert as many solid body faces to individual single-faced sheet
! INFO-     bodies as possible.
! INFO-      
! INFO-     Filing Part ..: C:\Users\ceinem\Documents\GitHub\BarBot\Design\Pump\M1173041- NEMA 1749891
! SUMMARY-   
! SUMMARY-  Summary of Unigraphics Part Entities
! SUMMARY-   
! SUMMARY-  Entities Processed             Count
! SUMMARY-  ------------------             -----
! SUMMARY-  Group .......................:     1
! SUMMARY-                                 -----
! SUMMARY-  Total                              1
! STATUS-   Creating the UG part (Phase 3 of 3): 27-MAY-2016  1:37:46 PM
! STATUS-    
! STATUS-   Creating UG solid body from Input Ent Id 1151
! STATUS-    
! STATUS-   fixing vertex off curve and/or edge reversed faults
! STATUS-    
! STATUS-   fixing vertex and/or edge off surface faults
! STATUS-    
! STATUS-   fixing self-intersecting topology faults
! STATUS-    
! STATUS-   simplifying Bsplines to analytics
! STATUS-    
! STATUS-   converting tolerant edges into exact edges
! STATUS-    
! STATUS-   doing final check of body to report any faults
! STATUS-    
! WARNING-  solid body contains fault: 13804 - RTSTSX: Self-intersecting topology.
! WARNING-  solid body contains fault: 13804 - RTSTSX: Self-intersecting topology.
! WARNING-  solid body (Solid1) contains faults that could not be corrected
! WARNING-   
! INFO-     Filing Part ..: C:\Users\ceinem\Documents\GitHub\BarBot\Design\Pump\Pump_Head49890
! SUMMARY-   
! SUMMARY-  Summary of Unigraphics Part Entities
! SUMMARY-   
! SUMMARY-  Entities Processed             Count
! SUMMARY-  ------------------             -----
! SUMMARY-  Solid .......................:     1
! SUMMARY-                                 -----
! SUMMARY-  Total                              1
! STATUS-   Creating the UG part (Phase 3 of 3): 27-MAY-2016  1:37:47 PM
! INFO-     Filing Part ..: C:\Users\ceinem\Documents\GitHub\BarBot\Design\Pump\Pump_Total_stp.prt
! SUMMARY-   
! SUMMARY-  Summary of Unigraphics Part Entities
! SUMMARY-   
! SUMMARY-  Entities Processed             Count
! SUMMARY-  ------------------             -----
! SUMMARY-  Component ...................:     4
! SUMMARY-                                 -----
! SUMMARY-  Total                              4
! INFO-      
! INFO-     Total number of solids input for this translation       :         4
! INFO-      
! INFO-     Number of solids created without body validation faults :         2
! INFO-      
! INFO-     Number of solids created with body validation fault(s)  :         1
! INFO-      
! INFO-     Number of solids ending up as sheet bodies              :         1
! INFO-      
! INFO-     End of Translation: 27-MAY-2016  1:37:47 PM
! INFO-      
