STEP to UG
! INFO-     NX STEP AP203 - V10.0
! INFO-      
! INFO-     Start of Translation: 27-MAY-2016  1:37:10 PM
! INFO-      
! STATUS-   Converting Part: C:\Users\ceinem\Documents\GitHub\BarBot\Design\Pump\Pump_Head.stp
! SUMMARY-   
! SUMMARY-    STEP Header Information
! SUMMARY-   
! SUMMARY-  Description      Unknown
! SUMMARY-  Imp_Level        2;1
! SUMMARY-  File_Name        C:\Users\Cornelius\Desktop\CAD Pump\Pump_Head.stp
! SUMMARY-  Date             2016-05-14T20:25:07+02:00
! SUMMARY-  Author           Cornelius
! SUMMARY-  Organization     Unknown
! SUMMARY-  Pre_Version      ST-DEVELOPER v16.5
! SUMMARY-  Orig_System      Autodesk Inventor 2017
! SUMMARY-  Authorization    Unknown
! SUMMARY-  Schema_ID        automotive_design
! SUMMARY-   
! SUMMARY-    Summary of STEP Entities
! SUMMARY-   
! SUMMARY-  Entity Type                                                   Count
! SUMMARY-  -----------                                                   ------
! SUMMARY-  advanced_brep_shape_representation .........................:      1
! SUMMARY-  advanced_face ..............................................:    148
! SUMMARY-  application_context ........................................:      1
! SUMMARY-  application_protocol_definition ............................:      1
! SUMMARY-  axis2_placement_3d .........................................:    268
! SUMMARY-  b_spline_curve_with_knots ..................................:     41
! SUMMARY-  b_spline_surface_with_knots ................................:     22
! SUMMARY-  calendar_date ..............................................:      1
! SUMMARY-  cartesian_point ............................................:   9967
! SUMMARY-  circle .....................................................:    137
! SUMMARY-  closed_shell ...............................................:      1
! SUMMARY-  conical_surface ............................................:      8
! SUMMARY-  conversion_based_unit_and_plane_angle_unit .................:      1
! SUMMARY-  coordinated_universal_time_offset ..........................:      1
! SUMMARY-  cylindrical_surface ........................................:     55
! SUMMARY-  date_and_time ..............................................:      1
! SUMMARY-  date_time_role .............................................:      1
! SUMMARY-  dimensional_exponents ......................................:      1
! SUMMARY-  direction ..................................................:    649
! SUMMARY-  edge_curve .................................................:    295
! SUMMARY-  edge_loop ..................................................:    200
! SUMMARY-  ellipse ....................................................:      4
! SUMMARY-  face_bound .................................................:     52
! SUMMARY-  face_outer_bound ...........................................:    148
! SUMMARY-  geometric_representation_context_and_global_uncertainty_a ..:      2
! SUMMARY-  length_unit_and_si_unit ....................................:      1
! SUMMARY-  line .......................................................:    113
! SUMMARY-  local_time .................................................:      1
! SUMMARY-  manifold_solid_brep ........................................:      1
! SUMMARY-  oriented_edge ..............................................:    590
! SUMMARY-  plane ......................................................:     47
! SUMMARY-  plane_angle_measure_with_unit ..............................:      1
! SUMMARY-  plane_angle_unit_and_si_unit ...............................:      1
! SUMMARY-  product ....................................................:      1
! SUMMARY-  product_context ............................................:      1
! SUMMARY-  product_definition .........................................:      1
! SUMMARY-  product_definition_context .................................:      1
! SUMMARY-  product_definition_formation ...............................:      1
! SUMMARY-  product_definition_shape ...................................:      1
! SUMMARY-  product_related_product_category ...........................:      1
! SUMMARY-  shape_definition_representation ............................:      1
! SUMMARY-  shape_representation .......................................:      1
! SUMMARY-  shape_representation_relationship ..........................:      1
! SUMMARY-  si_unit_and_solid_angle_unit ...............................:      1
! SUMMARY-  toroidal_surface ...........................................:     16
! SUMMARY-  uncertainty_measure_with_unit ..............................:      2
! SUMMARY-  vector .....................................................:    113
! SUMMARY-  vertex_point ...............................................:    201
! SUMMARY-                                                               -------
! SUMMARY-  Total                                                          13104
! STATUS-    
! STATUS-   Converting to Output Form (Phase 2 of 3): 27-MAY-2016 1:37:10 PM
! STATUS-    
! STATUS-    
! STATUS-   Generating UG geometry and placing them in parts
! STATUS-    
! STATUS-   Creating the UG part (Phase 3 of 3): 27-MAY-2016  1:37:10 PM
! STATUS-    
! STATUS-   Creating UG solid body from Input Ent Id 14
! STATUS-    
! STATUS-   fixing vertex off curve and/or edge reversed faults
! STATUS-    
! STATUS-   fixing vertex and/or edge off surface faults
! STATUS-    
! STATUS-   fixing self-intersecting topology faults
! STATUS-    
! STATUS-   simplifying Bsplines to analytics
! STATUS-    
! STATUS-   converting tolerant edges into exact edges
! STATUS-    
! STATUS-   doing final check of body to report any faults
! STATUS-    
! WARNING-  solid body contains fault: 13804 - RTSTSX: Self-intersecting topology.
! WARNING-  solid body contains fault: 13804 - RTSTSX: Self-intersecting topology.
! WARNING-  solid body (Solid1) contains faults that could not be corrected
! WARNING-   
! INFO-     Filing Part ..: C:\Users\ceinem\Documents\GitHub\BarBot\Design\Pump\Pump_Head_stp.prt
! SUMMARY-   
! SUMMARY-  Summary of Unigraphics Part Entities
! SUMMARY-   
! SUMMARY-  Entities Processed             Count
! SUMMARY-  ------------------             -----
! SUMMARY-  Solid .......................:     1
! SUMMARY-                                 -----
! SUMMARY-  Total                              1
! INFO-      
! INFO-     Total number of solids input for this translation       :         1
! INFO-      
! INFO-     Number of solids created without body validation faults :         0
! INFO-      
! INFO-     Number of solids created with body validation fault(s)  :         1
! INFO-      
! INFO-     Number of solids ending up as sheet bodies              :         0
! INFO-      
! INFO-     End of Translation: 27-MAY-2016  1:37:11 PM
! INFO-      
