STEP to UG
! INFO-     NX STEP AP203 - V10.0
! INFO-      
! INFO-     Start of Translation: 3-MAR-2017  3:56:31 PM
! INFO-      
! STATUS-   Converting Part: C:\Users\ceinem\Desktop\CupDispencerSTEP\CupDispencerSTEP\Ass1.stp
! SUMMARY-   
! SUMMARY-    STEP Header Information
! SUMMARY-   
! SUMMARY-  Description      Unknown
! SUMMARY-  Imp_Level        2;1
! SUMMARY-  File_Name        D:\THANG\2014\2014YT\July\23CupDispenser\Ass1.stp
! SUMMARY-  Date             2015-01-07T10:44:40
! SUMMARY-  Author           Administrator
! SUMMARY-  Organization     Unknown
! SUMMARY-  Pre_Version      Autodesk Inventor 2008
! SUMMARY-  Orig_System      Autodesk Inventor 2008
! SUMMARY-  Authorization    Unknown
! SUMMARY-  Schema_ID        automotive_design
! SUMMARY-   
! SUMMARY-    Summary of STEP Entities
! SUMMARY-   
! SUMMARY-  Entity Type                                                   Count
! SUMMARY-  -----------                                                   ------
! SUMMARY-  advanced_brep_shape_representation .........................:      4
! SUMMARY-  advanced_face ..............................................:     82
! SUMMARY-  application_context ........................................:      6
! SUMMARY-  application_protocol_definition ............................:      6
! SUMMARY-  axis2_placement_3d .........................................:    116
! SUMMARY-  b_spline_surface_with_knots ................................:     15
! SUMMARY-  b_spline_surface_with_knots_and_rational_b_spline_surface ..:      2
! SUMMARY-  cartesian_point ............................................:    533
! SUMMARY-  circle .....................................................:     36
! SUMMARY-  closed_shell ...............................................:      4
! SUMMARY-  conical_surface ............................................:      2
! SUMMARY-  context_dependent_shape_representation .....................:      9
! SUMMARY-  conversion_based_unit_and_plane_angle_unit .................:     10
! SUMMARY-  cylindrical_surface ........................................:     10
! SUMMARY-  dimensional_exponents ......................................:     10
! SUMMARY-  direction ..................................................:    372
! SUMMARY-  edge_curve .................................................:    176
! SUMMARY-  edge_loop ..................................................:    119
! SUMMARY-  face_bound .................................................:     37
! SUMMARY-  face_outer_bound ...........................................:     82
! SUMMARY-  geometric_representation_context_and_global_uncertainty_a ..:     10
! SUMMARY-  item_defined_transformation ................................:      9
! SUMMARY-  length_unit_and_si_unit ....................................:     10
! SUMMARY-  line .......................................................:    140
! SUMMARY-  manifold_solid_brep ........................................:      4
! SUMMARY-  next_assembly_usage_occurrence .............................:      9
! SUMMARY-  oriented_edge ..............................................:    352
! SUMMARY-  plane ......................................................:     45
! SUMMARY-  plane_angle_measure_with_unit ..............................:     10
! SUMMARY-  plane_angle_unit_and_si_unit ...............................:     10
! SUMMARY-  product ....................................................:      6
! SUMMARY-  product_context ............................................:      6
! SUMMARY-  product_definition .........................................:      6
! SUMMARY-  product_definition_context .................................:      6
! SUMMARY-  product_definition_formation ...............................:      6
! SUMMARY-  product_definition_shape ...................................:     15
! SUMMARY-  product_related_product_category ...........................:      6
! SUMMARY-  representation_relationship_with_transformation_and_shape ..:      9
! SUMMARY-  shape_definition_representation ............................:      6
! SUMMARY-  shape_representation .......................................:      6
! SUMMARY-  shape_representation_relationship ..........................:      4
! SUMMARY-  si_unit_and_solid_angle_unit ...............................:     10
! SUMMARY-  spherical_surface ..........................................:      3
! SUMMARY-  toroidal_surface ...........................................:      5
! SUMMARY-  uncertainty_measure_with_unit ..............................:     10
! SUMMARY-  vector .....................................................:    140
! SUMMARY-  vertex_point ...............................................:    127
! SUMMARY-                                                               -------
! SUMMARY-  Total                                                           2601
! STATUS-    
! STATUS-   Converting to Output Form (Phase 2 of 3): 3-MAR-2017 3:56:31 PM
! STATUS-    
! STATUS-    
! STATUS-   Generating UG geometry and placing them in parts
! STATUS-    
! STATUS-   Creating the UG part (Phase 3 of 3): 3-MAR-2017  3:56:31 PM
! STATUS-    
! STATUS-   Creating UG solid body from Input Ent Id 2777
! STATUS-    
! STATUS-   simplifying Bsplines to analytics
! STATUS-    
! STATUS-   converting tolerant edges into exact edges
! STATUS-    
! STATUS-   doing final check of body to report any faults
! STATUS-    
! INFO-     Filing Part ..: C:\Users\ceinem\Desktop\CupDispencerSTEP\CupDispencerSTEP\Ball1
! SUMMARY-   
! SUMMARY-  Summary of Unigraphics Part Entities
! SUMMARY-   
! SUMMARY-  Entities Processed             Count
! SUMMARY-  ------------------             -----
! SUMMARY-  Solid .......................:     1
! SUMMARY-                                 -----
! SUMMARY-  Total                              1
! STATUS-   Creating the UG part (Phase 3 of 3): 3-MAR-2017  3:56:49 PM
! STATUS-    
! STATUS-   Creating UG solid body from Input Ent Id 2670
! STATUS-    
! STATUS-   simplifying Bsplines to analytics
! STATUS-    
! STATUS-   converting tolerant edges into exact edges
! STATUS-    
! STATUS-   doing final check of body to report any faults
! STATUS-    
! INFO-     Filing Part ..: C:\Users\ceinem\Desktop\CupDispencerSTEP\CupDispencerSTEP\Cup
! SUMMARY-   
! SUMMARY-  Summary of Unigraphics Part Entities
! SUMMARY-   
! SUMMARY-  Entities Processed             Count
! SUMMARY-  ------------------             -----
! SUMMARY-  Solid .......................:     1
! SUMMARY-                                 -----
! SUMMARY-  Total                              1
! STATUS-   Creating the UG part (Phase 3 of 3): 3-MAR-2017  3:56:52 PM
! STATUS-    
! STATUS-   Creating UG solid body from Input Ent Id 2128
! STATUS-    
! STATUS-   simplifying Bsplines to analytics
! STATUS-    
! STATUS-   converting tolerant edges into exact edges
! STATUS-    
! STATUS-   doing final check of body to report any faults
! STATUS-    
! INFO-     Filing Part ..: C:\Users\ceinem\Desktop\CupDispencerSTEP\CupDispencerSTEP\Slider
! SUMMARY-   
! SUMMARY-  Summary of Unigraphics Part Entities
! SUMMARY-   
! SUMMARY-  Entities Processed             Count
! SUMMARY-  ------------------             -----
! SUMMARY-  Solid .......................:     1
! SUMMARY-                                 -----
! SUMMARY-  Total                              1
! STATUS-   Creating the UG part (Phase 3 of 3): 3-MAR-2017  3:56:53 PM
! STATUS-    
! STATUS-   Creating UG solid body from Input Ent Id 846
! STATUS-    
! STATUS-   simplifying Bsplines to analytics
! STATUS-    
! STATUS-   converting tolerant edges into exact edges
! STATUS-    
! STATUS-   doing final check of body to report any faults
! STATUS-    
! INFO-     Filing Part ..: C:\Users\ceinem\Desktop\CupDispencerSTEP\CupDispencerSTEP\Base1
! SUMMARY-   
! SUMMARY-  Summary of Unigraphics Part Entities
! SUMMARY-   
! SUMMARY-  Entities Processed             Count
! SUMMARY-  ------------------             -----
! SUMMARY-  Solid .......................:     1
! SUMMARY-                                 -----
! SUMMARY-  Total                              1
! STATUS-   Creating the UG part (Phase 3 of 3): 3-MAR-2017  3:56:53 PM
! INFO-     Filing Part ..: C:\Users\ceinem\Desktop\CupDispencerSTEP\CupDispencerSTEP\AssCup
! SUMMARY-   
! SUMMARY-  Summary of Unigraphics Part Entities
! SUMMARY-   
! SUMMARY-  Entities Processed             Count
! SUMMARY-  ------------------             -----
! SUMMARY-  Component ...................:     2
! SUMMARY-                                 -----
! SUMMARY-  Total                              2
! STATUS-   Creating the UG part (Phase 3 of 3): 3-MAR-2017  3:56:54 PM
! INFO-     Filing Part ..: C:\Users\ceinem\Desktop\CupDispencerSTEP\CupDispencerSTEP\Ass1_stp.prt
! SUMMARY-   
! SUMMARY-  Summary of Unigraphics Part Entities
! SUMMARY-   
! SUMMARY-  Entities Processed             Count
! SUMMARY-  ------------------             -----
! SUMMARY-  Component ...................:     7
! SUMMARY-                                 -----
! SUMMARY-  Total                              7
! INFO-      
! INFO-     Total number of solids input for this translation       :         4
! INFO-      
! INFO-     Number of solids created without body validation faults :         4
! INFO-      
! INFO-     Number of solids created with body validation fault(s)  :         0
! INFO-      
! INFO-     Number of solids ending up as sheet bodies              :         0
! INFO-      
! INFO-     End of Translation: 3-MAR-2017  3:56:54 PM
! INFO-      
