STEP to UG
! INFO-     NX STEP AP203 - V10.0
! INFO-      
! INFO-     Start of Translation: 3-MAR-2017  3:57:26 PM
! INFO-      
! STATUS-   Converting Part: C:\Users\ceinem\Desktop\CupDispencerSTEP\CupDispencerSTEP\AssCup.stp
! SUMMARY-   
! SUMMARY-    STEP Header Information
! SUMMARY-   
! SUMMARY-  Description      Unknown
! SUMMARY-  Imp_Level        2;1
! SUMMARY-  File_Name        D:\THANG\2014\2014YT\July\23CupDispenser\AssCup.stp
! SUMMARY-  Date             2015-01-07T10:44:22
! SUMMARY-  Author           Administrator
! SUMMARY-  Organization     Unknown
! SUMMARY-  Pre_Version      Autodesk Inventor 2008
! SUMMARY-  Orig_System      Autodesk Inventor 2008
! SUMMARY-  Authorization    Unknown
! SUMMARY-  Schema_ID        automotive_design
! SUMMARY-   
! SUMMARY-    Summary of STEP Entities
! SUMMARY-   
! SUMMARY-  Entity Type                                                   Count
! SUMMARY-  -----------                                                   ------
! SUMMARY-  advanced_brep_shape_representation .........................:      2
! SUMMARY-  advanced_face ..............................................:     16
! SUMMARY-  application_context ........................................:      3
! SUMMARY-  application_protocol_definition ............................:      3
! SUMMARY-  axis2_placement_3d .........................................:     35
! SUMMARY-  b_spline_surface_with_knots_and_rational_b_spline_surface ..:      2
! SUMMARY-  cartesian_point ............................................:    142
! SUMMARY-  circle .....................................................:     16
! SUMMARY-  closed_shell ...............................................:      2
! SUMMARY-  conical_surface ............................................:      2
! SUMMARY-  context_dependent_shape_representation .....................:      2
! SUMMARY-  conversion_based_unit_and_plane_angle_unit .................:      5
! SUMMARY-  cylindrical_surface ........................................:      1
! SUMMARY-  dimensional_exponents ......................................:      5
! SUMMARY-  direction ..................................................:     70
! SUMMARY-  edge_curve .................................................:     16
! SUMMARY-  edge_loop ..................................................:     31
! SUMMARY-  face_bound .................................................:     15
! SUMMARY-  face_outer_bound ...........................................:     16
! SUMMARY-  geometric_representation_context_and_global_uncertainty_a ..:      5
! SUMMARY-  item_defined_transformation ................................:      2
! SUMMARY-  length_unit_and_si_unit ....................................:      5
! SUMMARY-  manifold_solid_brep ........................................:      2
! SUMMARY-  next_assembly_usage_occurrence .............................:      2
! SUMMARY-  oriented_edge ..............................................:     32
! SUMMARY-  plane ......................................................:      4
! SUMMARY-  plane_angle_measure_with_unit ..............................:      5
! SUMMARY-  plane_angle_unit_and_si_unit ...............................:      5
! SUMMARY-  product ....................................................:      3
! SUMMARY-  product_context ............................................:      3
! SUMMARY-  product_definition .........................................:      3
! SUMMARY-  product_definition_context .................................:      3
! SUMMARY-  product_definition_formation ...............................:      3
! SUMMARY-  product_definition_shape ...................................:      5
! SUMMARY-  product_related_product_category ...........................:      3
! SUMMARY-  representation_relationship_with_transformation_and_shape ..:      2
! SUMMARY-  shape_definition_representation ............................:      3
! SUMMARY-  shape_representation .......................................:      3
! SUMMARY-  shape_representation_relationship ..........................:      2
! SUMMARY-  si_unit_and_solid_angle_unit ...............................:      5
! SUMMARY-  spherical_surface ..........................................:      3
! SUMMARY-  toroidal_surface ...........................................:      4
! SUMMARY-  uncertainty_measure_with_unit ..............................:      5
! SUMMARY-  vertex_point ...............................................:     17
! SUMMARY-                                                               -------
! SUMMARY-  Total                                                            513
! STATUS-    
! STATUS-   Converting to Output Form (Phase 2 of 3): 3-MAR-2017 3:57:26 PM
! STATUS-    
! STATUS-    
! STATUS-   Generating UG geometry and placing them in parts
! STATUS-    
! STATUS-   Creating the UG part (Phase 3 of 3): 3-MAR-2017  3:57:26 PM
! STATUS-    
! STATUS-   Creating UG solid body from Input Ent Id 612
! STATUS-    
! STATUS-   simplifying Bsplines to analytics
! STATUS-    
! STATUS-   converting tolerant edges into exact edges
! STATUS-    
! STATUS-   doing final check of body to report any faults
! STATUS-    
! INFO-     Filing Part ..: C:\Users\ceinem\Desktop\CupDispencerSTEP\CupDispencerSTEP\Ball1564
! SUMMARY-   
! SUMMARY-  Summary of Unigraphics Part Entities
! SUMMARY-   
! SUMMARY-  Entities Processed             Count
! SUMMARY-  ------------------             -----
! SUMMARY-  Solid .......................:     1
! SUMMARY-                                 -----
! SUMMARY-  Total                              1
! STATUS-   Creating the UG part (Phase 3 of 3): 3-MAR-2017  3:57:26 PM
! STATUS-    
! STATUS-   Creating UG solid body from Input Ent Id 504
! STATUS-    
! STATUS-   simplifying Bsplines to analytics
! STATUS-    
! STATUS-   converting tolerant edges into exact edges
! STATUS-    
! STATUS-   doing final check of body to report any faults
! STATUS-    
! INFO-     Filing Part ..: C:\Users\ceinem\Desktop\CupDispencerSTEP\CupDispencerSTEP\Cup80
! SUMMARY-   
! SUMMARY-  Summary of Unigraphics Part Entities
! SUMMARY-   
! SUMMARY-  Entities Processed             Count
! SUMMARY-  ------------------             -----
! SUMMARY-  Solid .......................:     1
! SUMMARY-                                 -----
! SUMMARY-  Total                              1
! STATUS-   Creating the UG part (Phase 3 of 3): 3-MAR-2017  3:57:27 PM
! INFO-     Filing Part ..: C:\Users\ceinem\Desktop\CupDispencerSTEP\CupDispencerSTEP\AssCup_stp.prt
! SUMMARY-   
! SUMMARY-  Summary of Unigraphics Part Entities
! SUMMARY-   
! SUMMARY-  Entities Processed             Count
! SUMMARY-  ------------------             -----
! SUMMARY-  Component ...................:     2
! SUMMARY-                                 -----
! SUMMARY-  Total                              2
! INFO-      
! INFO-     Total number of solids input for this translation       :         2
! INFO-      
! INFO-     Number of solids created without body validation faults :         2
! INFO-      
! INFO-     Number of solids created with body validation fault(s)  :         0
! INFO-      
! INFO-     Number of solids ending up as sheet bodies              :         0
! INFO-      
! INFO-     End of Translation: 3-MAR-2017  3:57:27 PM
! INFO-      
