Added Component: Designator=C1(1608[0603])
Added Component: Designator=P1(HDR1X6)
Added Component: Designator=P2(HDR1X6)
Added Component: Designator=P3(HDR1X2)
Added Component: Designator=P4(HDR1X2)
Added Component: Designator=P5(HDR1X2)
Added Component: Designator=R1(J1-0603)
Added Component: Designator=R2(J1-0603)
Added Component: Designator=R3(J1-0603)
Added Component: Designator=R4(J1-0603)
Added Component: Designator=R5(J1-0603)
Added Component: Designator=R6(J1-0603)
Added Component: Designator=R7(J1-0603)
Added Component: Designator=R8(J1-0603)
Added Component: Designator=U1(SOP127P600-8N)
Added Pin To Net: NetName=GND Pin=C1-1
Added Pin To Net: NetName=3V3 Pin=C1-2
Added Pin To Net: NetName=PBIAS1 Pin=P1-1
Added Pin To Net: NetName=NBIAS1 Pin=P1-2
Added Pin To Net: NetName=NEN Pin=P1-3
Added Pin To Net: NetName=DIN1 Pin=P1-4
Added Pin To Net: NetName=GND Pin=P1-5
Added Pin To Net: NetName=3V3 Pin=P1-6
Added Pin To Net: NetName=NBIAS2 Pin=P2-1
Added Pin To Net: NetName=PBIAS2 Pin=P2-2
Added Pin To Net: NetName=DIN2 Pin=P2-4
Added Pin To Net: NetName=GND Pin=P2-5
Added Pin To Net: NetName=3V3 Pin=P2-6
Added Pin To Net: NetName=RST Pin=P4-1
Added Pin To Net: NetName=GND Pin=P4-2
Added Pin To Net: NetName=GND Pin=P5-1
Added Pin To Net: NetName=GND Pin=P5-2
Added Pin To Net: NetName=NBIAS2 Pin=R1-2
Added Pin To Net: NetName=DOUT2_N Pin=R2-2
Added Pin To Net: NetName=DOUT2_P Pin=R3-2
Added Pin To Net: NetName=PBIAS2 Pin=R4-1
Added Pin To Net: NetName=PBIAS1 Pin=R5-2
Added Pin To Net: NetName=DOUT1_P Pin=R6-2
Added Pin To Net: NetName=DOUT1_N Pin=R7-2
Added Pin To Net: NetName=NBIAS1 Pin=R8-1
Added Pin To Net: NetName=DOUT2_N Pin=U1-5
Added Pin To Net: NetName=DOUT2_P Pin=U1-6
Added Pin To Net: NetName=DOUT1_P Pin=U1-7
Added Pin To Net: NetName=DOUT1_N Pin=U1-8
Added Pin To Net: NetName=NEN Pin=U1-9
Added Pin To Net: NetName=DIN1 Pin=U1-10
Added Pin To Net: NetName=DIN2 Pin=U1-11
Added Pin To Net: NetName=3V3 Pin=U1-12
Added Pin To Net: NetName=GND Pin=U1-13
Added Pin To Net: NetName=3V3 Pin=U1-16
Added Member To Class: ClassName=TopAdapter Member=Component P4 Header 2
