Added Component: Designator=C1(Res 0603)
Added Component: Designator=C2(Res 0603)
Added Component: Designator=C3(Res 0603)
Added Component: Designator=C4(Res 0603)
Added Component: Designator=C5(Res 0603)
Added Component: Designator=C6(Res 0603)
Added Component: Designator=C7(Res 0603)
Added Component: Designator=C8(Res 0603)
Added Component: Designator=C9(CAPR5-4X5)
Added Component: Designator=C10(Res 0603)
Added Component: Designator=C11(Res 0603)
Added Component: Designator=C12(Res 0603)
Added Component: Designator=C13(CAPR5-4X5)
Added Component: Designator=D1(SMB)
Added Component: Designator=IC1(A4988 Stepper)
Added Component: Designator=IC2(IFX91041EJV50)
Added Component: Designator=J1(VCC to GND Jumper)
Added Component: Designator=J2(VCC to GND Jumper)
Added Component: Designator=J3(VCC to GND Jumper)
Added Component: Designator=J4(VCC to GND Jumper)
Added Component: Designator=J5(VCC to GND Jumper)
Added Component: Designator=J6(VCC to GND Jumper)
Added Component: Designator=L1(WE-PD 7345 Plastic Base)
Added Component: Designator=R1(Res 0603)
Added Component: Designator=R2(Res 0603)
Added Component: Designator=R3(Res 0603)
Added Component: Designator=R4(Res 0603)
Added Component: Designator=R5(Res 0603)
Added Component: Designator=R6(Res 0603)
Added Component: Designator=R7(Res 0603)
Added Component: Designator=R8(Res 0603)
Added Component: Designator=R9(Res 0603)
Added Component: Designator=R10(Res 0603)
Added Component: Designator=S1(Taster)
Added Component: Designator=S2(Taster)
Added Component: Designator=U1(LQFP48)
Added Component: Designator=X1(12p Wurth 690 367 28 12 76)
Added Component: Designator=X2(12p Wurth 690 367 28 12 76)
Added Component: Designator=X3(2p 2.54 pitch)
Added Component: Designator=X4(3p 2.54 pitch)
Added Component: Designator=X5(Wannenstecker 10p)
Added Component: Designator=X6(4p 2.54 pitch Motor Connector)
Added Component: Designator=X7(4p 2.54 pitch)
Added Component: Designator=X8(2p 2.54 pitch)
Added Component: Designator=X9(2p 2.54 pitch, diode)
Added Component: Designator=X10(2p 2.54 pitch, diode)
Added Component: Designator=X11(2p 2.54 pitch)
Added Pin To Net: NetName=/EN_1 Pin=IC1-1
Added Pin To Net: NetName=/EN_1 Pin=R3-1
Added Pin To Net: NetName=/EN_1 Pin=U1-18
Added Pin To Net: NetName=/EN_1 Pin=X2-9
Added Net: Name=/EN_1
Added Pin To Net: NetName=/EN_2 Pin=U1-39
Added Pin To Net: NetName=/EN_2 Pin=X1-9
Added Net: Name=/EN_2
Added Pin To Net: NetName=1A_1 Pin=IC1-12
Added Pin To Net: NetName=1A_1 Pin=X6-3
Added Net: Name=1A_1
Added Pin To Net: NetName=1B_1 Pin=IC1-11
Added Pin To Net: NetName=1B_1 Pin=X6-4
Added Net: Name=1B_1
Added Pin To Net: NetName=2A_1 Pin=IC1-13
Added Pin To Net: NetName=2A_1 Pin=X6-2
Added Net: Name=2A_1
Added Pin To Net: NetName=2B_1 Pin=IC1-14
Added Pin To Net: NetName=2B_1 Pin=X6-1
Added Net: Name=2B_1
Added Pin To Net: NetName=3V3 Pin=R8-2
Added Pin To Net: NetName=3V3 Pin=R9-2
Added Net: Name=3V3
Added Pin To Net: NetName=5V Pin=C1-2
Added Pin To Net: NetName=5V Pin=C2-2
Added Pin To Net: NetName=5V Pin=C3-2
Added Pin To Net: NetName=5V Pin=C4-2
Added Pin To Net: NetName=5V Pin=C5-2
Added Pin To Net: NetName=5V Pin=C6-2
Added Pin To Net: NetName=5V Pin=C12-2
Added Pin To Net: NetName=5V Pin=C13-1
Added Pin To Net: NetName=5V Pin=IC1-10
Added Pin To Net: NetName=5V Pin=IC2-4
Added Pin To Net: NetName=5V Pin=J1-2
Added Pin To Net: NetName=5V Pin=J2-2
Added Pin To Net: NetName=5V Pin=J3-2
Added Pin To Net: NetName=5V Pin=J4-2
Added Pin To Net: NetName=5V Pin=J5-2
Added Pin To Net: NetName=5V Pin=L1-2
Added Pin To Net: NetName=5V Pin=R1-2
Added Pin To Net: NetName=5V Pin=R2-2
Added Pin To Net: NetName=5V Pin=R3-2
Added Pin To Net: NetName=5V Pin=R6-2
Added Pin To Net: NetName=5V Pin=R7-2
Added Pin To Net: NetName=5V Pin=U1-1
Added Pin To Net: NetName=5V Pin=U1-9
Added Pin To Net: NetName=5V Pin=U1-24
Added Pin To Net: NetName=5V Pin=U1-36
Added Pin To Net: NetName=5V Pin=U1-48
Added Pin To Net: NetName=5V Pin=X1-3
Added Pin To Net: NetName=5V Pin=X2-3
Added Pin To Net: NetName=5V Pin=X5-1
Added Pin To Net: NetName=5V Pin=X7-4
Added Net: Name=5V
Added Pin To Net: NetName=BLANK_1 Pin=U1-16
Added Pin To Net: NetName=BLANK_1 Pin=X2-6
Added Net: Name=BLANK_1
Added Pin To Net: NetName=BLANK_2 Pin=U1-27
Added Pin To Net: NetName=BLANK_2 Pin=X1-6
Added Net: Name=BLANK_2
Added Pin To Net: NetName=DIR_1 Pin=IC1-8
Added Pin To Net: NetName=DIR_1 Pin=R5-2
Added Pin To Net: NetName=DIR_1 Pin=U1-20
Added Pin To Net: NetName=DIR_1 Pin=X2-5
Added Net: Name=DIR_1
Added Pin To Net: NetName=DIR_2 Pin=U1-41
Added Pin To Net: NetName=DIR_2 Pin=X1-5
Added Net: Name=DIR_2
Added Pin To Net: NetName=EST_1 Pin=R7-1
Added Pin To Net: NetName=EST_1 Pin=U1-29
Added Pin To Net: NetName=EST_1 Pin=X2-12
Added Pin To Net: NetName=EST_1 Pin=X8-2
Added Net: Name=EST_1
Added Pin To Net: NetName=EST_2 Pin=U1-22
Added Pin To Net: NetName=EST_2 Pin=X1-12
Added Net: Name=EST_2
Added Pin To Net: NetName=FILLED Pin=U1-33
Added Pin To Net: NetName=FILLED Pin=X1-11
Added Pin To Net: NetName=FILLED Pin=X2-11
Added Pin To Net: NetName=FILLED Pin=X9-2
Added Net: Name=FILLED
Added Pin To Net: NetName=GND Pin=C1-1
Added Pin To Net: NetName=GND Pin=C2-1
Added Pin To Net: NetName=GND Pin=C3-1
Added Pin To Net: NetName=GND Pin=C4-1
Added Pin To Net: NetName=GND Pin=C5-1
Added Pin To Net: NetName=GND Pin=C6-1
Added Pin To Net: NetName=GND Pin=C7-1
Added Pin To Net: NetName=GND Pin=C8-1
Added Pin To Net: NetName=GND Pin=C9-2
Added Pin To Net: NetName=GND Pin=C12-1
Added Pin To Net: NetName=GND Pin=C13-2
Added Pin To Net: NetName=GND Pin=D1-1
Added Pin To Net: NetName=GND Pin=IC1-9
Added Pin To Net: NetName=GND Pin=IC1-15
Added Pin To Net: NetName=GND Pin=IC2-1
Added Pin To Net: NetName=GND Pin=IC2-2
Added Pin To Net: NetName=GND Pin=J1-1
Added Pin To Net: NetName=GND Pin=J2-1
Added Pin To Net: NetName=GND Pin=J3-1
Added Pin To Net: NetName=GND Pin=J4-1
Added Pin To Net: NetName=GND Pin=J5-1
Added Pin To Net: NetName=GND Pin=R4-1
Added Pin To Net: NetName=GND Pin=R5-1
Added Pin To Net: NetName=GND Pin=R10-1
Added Pin To Net: NetName=GND Pin=S1-2
Added Pin To Net: NetName=GND Pin=S1-3
Added Pin To Net: NetName=GND Pin=S2-2
Added Pin To Net: NetName=GND Pin=S2-3
Added Pin To Net: NetName=GND Pin=U1-8
Added Pin To Net: NetName=GND Pin=U1-23
Added Pin To Net: NetName=GND Pin=U1-35
Added Pin To Net: NetName=GND Pin=U1-47
Added Pin To Net: NetName=GND Pin=X1-2
Added Pin To Net: NetName=GND Pin=X2-2
Added Pin To Net: NetName=GND Pin=X3-2
Added Pin To Net: NetName=GND Pin=X4-1
Added Pin To Net: NetName=GND Pin=X5-3
Added Pin To Net: NetName=GND Pin=X5-5
Added Pin To Net: NetName=GND Pin=X5-9
Added Pin To Net: NetName=GND Pin=X7-1
Added Pin To Net: NetName=GND Pin=X8-1
Added Pin To Net: NetName=GND Pin=X11-2
Added Net: Name=GND
Added Pin To Net: NetName=NetC10_1 Pin=C10-1
Added Pin To Net: NetName=NetC10_1 Pin=R10-2
Added Net: Name=NetC10_1
Added Pin To Net: NetName=NetC10_2 Pin=C10-2
Added Pin To Net: NetName=NetC10_2 Pin=IC2-3
Added Net: Name=NetC10_2
Added Pin To Net: NetName=NetC11_1 Pin=C11-1
Added Pin To Net: NetName=NetC11_1 Pin=IC2-5
Added Net: Name=NetC11_1
Added Pin To Net: NetName=NetC11_2 Pin=C11-2
Added Pin To Net: NetName=NetC11_2 Pin=D1-2
Added Pin To Net: NetName=NetC11_2 Pin=IC2-6
Added Pin To Net: NetName=NetC11_2 Pin=L1-1
Added Net: Name=NetC11_2
Added Pin To Net: NetName=NetIC1_2 Pin=IC1-2
Added Pin To Net: NetName=NetIC1_2 Pin=J5-3
Added Net: Name=NetIC1_2
Added Pin To Net: NetName=NetIC1_3 Pin=IC1-3
Added Pin To Net: NetName=NetIC1_3 Pin=J4-3
Added Net: Name=NetIC1_3
Added Pin To Net: NetName=NetIC1_4 Pin=IC1-4
Added Pin To Net: NetName=NetIC1_4 Pin=J3-3
Added Net: Name=NetIC1_4
Added Pin To Net: NetName=NetIC1_5 Pin=IC1-5
Added Pin To Net: NetName=NetIC1_5 Pin=J2-3
Added Net: Name=NetIC1_5
Added Pin To Net: NetName=NetIC1_6 Pin=IC1-6
Added Pin To Net: NetName=NetIC1_6 Pin=J1-3
Added Net: Name=NetIC1_6
Added Pin To Net: NetName=NetIC2_7 Pin=IC2-7
Added Pin To Net: NetName=NetIC2_7 Pin=J6-3
Added Net: Name=NetIC2_7
Added Pin To Net: NetName=NetJ6_1 Pin=J6-1
Added Pin To Net: NetName=NetJ6_1 Pin=X11-1
Added Net: Name=NetJ6_1
Added Pin To Net: NetName=NetR8_1 Pin=R8-1
Added Pin To Net: NetName=NetR8_1 Pin=X9-1
Added Net: Name=NetR8_1
Added Pin To Net: NetName=NetR9_1 Pin=R9-1
Added Pin To Net: NetName=NetR9_1 Pin=X10-1
Added Net: Name=NetR9_1
Added Pin To Net: NetName=NON_1 Pin=U1-32
Added Net: Name=NON_1
Added Pin To Net: NetName=NON Pin=X10-2
Added Net: Name=NON
Added Pin To Net: NetName=NRST Pin=R2-1
Added Pin To Net: NetName=NRST Pin=R6-1
Added Pin To Net: NetName=NRST Pin=S2-1
Added Pin To Net: NetName=NRST Pin=S2-4
Added Pin To Net: NetName=NRST Pin=U1-7
Added Pin To Net: NetName=NRST Pin=X5-10
Added Net: Name=NRST
Added Pin To Net: NetName=S1 Pin=R1-1
Added Pin To Net: NetName=S1 Pin=S1-1
Added Pin To Net: NetName=S1 Pin=S1-4
Added Pin To Net: NetName=S1 Pin=U1-10
Added Net: Name=S1
Added Pin To Net: NetName=SPI1_MOSI Pin=U1-17
Added Pin To Net: NetName=SPI1_MOSI Pin=X2-4
Added Pin To Net: NetName=SPI1_MOSI Pin=X7-2
Added Net: Name=SPI1_MOSI
Added Pin To Net: NetName=SPI1_SCK Pin=U1-15
Added Pin To Net: NetName=SPI1_SCK Pin=X2-8
Added Pin To Net: NetName=SPI1_SCK Pin=X7-3
Added Net: Name=SPI1_SCK
Added Pin To Net: NetName=SPI1_XLAT Pin=U1-14
Added Pin To Net: NetName=SPI1_XLAT Pin=X2-10
Added Net: Name=SPI1_XLAT
Added Pin To Net: NetName=SPI2_MOSI Pin=U1-28
Added Pin To Net: NetName=SPI2_MOSI Pin=X1-4
Added Net: Name=SPI2_MOSI
Added Pin To Net: NetName=SPI2_SCK Pin=U1-26
Added Pin To Net: NetName=SPI2_SCK Pin=X1-8
Added Net: Name=SPI2_SCK
Added Pin To Net: NetName=SPI2_XLAT Pin=U1-25
Added Pin To Net: NetName=SPI2_XLAT Pin=X1-10
Added Net: Name=SPI2_XLAT
Added Pin To Net: NetName=STEP_1 Pin=IC1-7
Added Pin To Net: NetName=STEP_1 Pin=R4-2
Added Pin To Net: NetName=STEP_1 Pin=U1-19
Added Pin To Net: NetName=STEP_1 Pin=X2-7
Added Net: Name=STEP_1
Added Pin To Net: NetName=STEP_2 Pin=U1-40
Added Pin To Net: NetName=STEP_2 Pin=X1-7
Added Net: Name=STEP_2
Added Pin To Net: NetName=SWCLK Pin=U1-37
Added Pin To Net: NetName=SWCLK Pin=X5-4
Added Net: Name=SWCLK
Added Pin To Net: NetName=SWDIO Pin=U1-34
Added Pin To Net: NetName=SWDIO Pin=X5-2
Added Net: Name=SWDIO
Added Pin To Net: NetName=UART_RX Pin=U1-31
Added Pin To Net: NetName=UART_RX Pin=X4-3
Added Net: Name=UART_RX
Added Pin To Net: NetName=UART_TX Pin=U1-30
Added Pin To Net: NetName=UART_TX Pin=X4-2
Added Net: Name=UART_TX
Added Pin To Net: NetName=VMOT Pin=C7-2
Added Pin To Net: NetName=VMOT Pin=C8-2
Added Pin To Net: NetName=VMOT Pin=C9-1
Added Pin To Net: NetName=VMOT Pin=IC1-16
Added Pin To Net: NetName=VMOT Pin=IC2-8
Added Pin To Net: NetName=VMOT Pin=J6-2
Added Pin To Net: NetName=VMOT Pin=X1-1
Added Pin To Net: NetName=VMOT Pin=X2-1
Added Pin To Net: NetName=VMOT Pin=X3-1
Added Net: Name=VMOT
Added Class: Name=FillLevelSensor
Added Class: Name=Power
Added Class: Name=Schematic
Added Room: Name=FillLevelSensor
Added Room: Name=Power
Added Room: Name=Schematic
