Added Component: Designator=C1(RAD-0.3)
Added Component: Designator=C2(RAD-0.3)
Added Component: Designator=C3(RAD-0.3)
Added Component: Designator=C4(RAD-0.3)
Added Component: Designator=C5(RAD-0.3)
Added Component: Designator=C6(RAD-0.3)
Added Component: Designator=C7(RAD-0.3)
Added Component: Designator=C8(CAPR5-4X5)
Added Component: Designator=C9(CAPR5-4X5)
Added Component: Designator=C10(RAD-0.3)
Added Component: Designator=C11(RAD-0.3)
Added Component: Designator=C12(RAD-0.3)
Added Component: Designator=IC1(SO-G5/P.95)
Added Component: Designator=IC2(A4988 Stepper)
Added Component: Designator=IC3(TSOP 32Pin)
Added Component: Designator=J1(VCC to GND Jumper)
Added Component: Designator=J2(VCC to GND Jumper)
Added Component: Designator=J3(VCC to GND Jumper)
Added Component: Designator=J4(VCC to GND Jumper)
Added Component: Designator=J5(VCC to GND Jumper)
Added Component: Designator=LED1_LED1(4p 2.54 pitch LED)
Added Component: Designator=LED1_LED2(4p 2.54 pitch LED)
Added Component: Designator=LED1_LED3(4p 2.54 pitch LED)
Added Component: Designator=LED1_LED4(4p 2.54 pitch LED)
Added Component: Designator=LED1_LED5(4p 2.54 pitch LED)
Added Component: Designator=LED1_LED6(4p 2.54 pitch LED)
Added Component: Designator=LED1_LED7(4p 2.54 pitch LED)
Added Component: Designator=LED1_LED8(4p 2.54 pitch LED)
Added Component: Designator=R1(Res 0603)
Added Component: Designator=R2(Res 0603)
Added Component: Designator=R3(Res 0603)
Added Component: Designator=R4(Res 0603)
Added Component: Designator=R5(Res 0603)
Added Component: Designator=R6(Res 0603)
Added Component: Designator=R7(Res 0603)
Added Component: Designator=R8(AXIAL-0.4)
Added Component: Designator=R9(Res 0603)
Added Component: Designator=R10(Res 0603)
Added Component: Designator=R11(Res 0603)
Added Component: Designator=R12(Res 0603)
Added Component: Designator=R13(Res 0603)
Added Component: Designator=R14(Res 0603)
Added Component: Designator=S1(Taster)
Added Component: Designator=S2(Taster)
Added Component: Designator=U1(LQFP48)
Added Component: Designator=X1(Wannenstecker 10p)
Added Component: Designator=X2(Wannenstecker 10p)
Added Component: Designator=X3(2p 2.54 pitch)
Added Component: Designator=X4(3p 2.54 pitch)
Added Component: Designator=X5(Wannenstecker 10p)
Added Component: Designator=X6(4p 2.54 pitch Motor Connector)
Added Component: Designator=X7(2p 2.54 pitch)
Added Component: Designator=X8(2p 2.54 pitch, diode)
Added Component: Designator=X9(2p 2.54 pitch, diode)
Added Pin To Net: NetName=/EN_1 Pin=IC2-1
Added Pin To Net: NetName=/EN_1 Pin=R3-1
Added Pin To Net: NetName=/EN_1 Pin=U1-18
Added Pin To Net: NetName=/EN_1 Pin=X1-2
Added Net: Name=/EN_1
Added Pin To Net: NetName=/EN_2 Pin=U1-39
Added Pin To Net: NetName=/EN_2 Pin=X2-2
Added Net: Name=/EN_2
Added Pin To Net: NetName=1A_1 Pin=IC2-12
Added Pin To Net: NetName=1A_1 Pin=X6-3
Added Net: Name=1A_1
Added Pin To Net: NetName=1B_1 Pin=IC2-11
Added Pin To Net: NetName=1B_1 Pin=X6-4
Added Net: Name=1B_1
Added Pin To Net: NetName=2A_1 Pin=IC2-13
Added Pin To Net: NetName=2A_1 Pin=X6-2
Added Net: Name=2A_1
Added Pin To Net: NetName=2B_1 Pin=IC2-14
Added Pin To Net: NetName=2B_1 Pin=X6-1
Added Net: Name=2B_1
Added Pin To Net: NetName=3V3 Pin=C1-2
Added Pin To Net: NetName=3V3 Pin=C2-2
Added Pin To Net: NetName=3V3 Pin=C3-2
Added Pin To Net: NetName=3V3 Pin=C4-2
Added Pin To Net: NetName=3V3 Pin=C5-2
Added Pin To Net: NetName=3V3 Pin=C6-2
Added Pin To Net: NetName=3V3 Pin=C9-1
Added Pin To Net: NetName=3V3 Pin=C10-2
Added Pin To Net: NetName=3V3 Pin=C12-2
Added Pin To Net: NetName=3V3 Pin=IC1-5
Added Pin To Net: NetName=3V3 Pin=IC2-10
Added Pin To Net: NetName=3V3 Pin=IC3-32
Added Pin To Net: NetName=3V3 Pin=J1-2
Added Pin To Net: NetName=3V3 Pin=J2-2
Added Pin To Net: NetName=3V3 Pin=J3-2
Added Pin To Net: NetName=3V3 Pin=J4-2
Added Pin To Net: NetName=3V3 Pin=J5-2
Added Pin To Net: NetName=3V3 Pin=R1-2
Added Pin To Net: NetName=3V3 Pin=R2-2
Added Pin To Net: NetName=3V3 Pin=R3-2
Added Pin To Net: NetName=3V3 Pin=R6-2
Added Pin To Net: NetName=3V3 Pin=R7-2
Added Pin To Net: NetName=3V3 Pin=R8-2
Added Pin To Net: NetName=3V3 Pin=R13-2
Added Pin To Net: NetName=3V3 Pin=R14-2
Added Pin To Net: NetName=3V3 Pin=U1-1
Added Pin To Net: NetName=3V3 Pin=U1-9
Added Pin To Net: NetName=3V3 Pin=U1-24
Added Pin To Net: NetName=3V3 Pin=U1-36
Added Pin To Net: NetName=3V3 Pin=U1-48
Added Pin To Net: NetName=3V3 Pin=X1-8
Added Pin To Net: NetName=3V3 Pin=X2-8
Added Pin To Net: NetName=3V3 Pin=X5-1
Added Net: Name=3V3
Added Pin To Net: NetName=B1 Pin=IC3-7
Added Pin To Net: NetName=B1 Pin=LED1_LED1-4
Added Net: Name=B1
Added Pin To Net: NetName=B2 Pin=IC3-10
Added Pin To Net: NetName=B2 Pin=LED1_LED2-4
Added Net: Name=B2
Added Pin To Net: NetName=B3 Pin=IC3-13
Added Pin To Net: NetName=B3 Pin=LED1_LED3-4
Added Net: Name=B3
Added Pin To Net: NetName=B4 Pin=IC3-16
Added Pin To Net: NetName=B4 Pin=LED1_LED4-4
Added Net: Name=B4
Added Pin To Net: NetName=B5 Pin=IC3-19
Added Pin To Net: NetName=B5 Pin=LED1_LED5-4
Added Net: Name=B5
Added Pin To Net: NetName=B6 Pin=IC3-22
Added Pin To Net: NetName=B6 Pin=LED1_LED6-4
Added Net: Name=B6
Added Pin To Net: NetName=B7 Pin=IC3-25
Added Pin To Net: NetName=B7 Pin=LED1_LED7-4
Added Net: Name=B7
Added Pin To Net: NetName=B8 Pin=IC3-28
Added Pin To Net: NetName=B8 Pin=LED1_LED8-4
Added Net: Name=B8
Added Pin To Net: NetName=BLANK_1 Pin=IC3-2
Added Pin To Net: NetName=BLANK_1 Pin=R12-1
Added Pin To Net: NetName=BLANK_1 Pin=U1-16
Added Pin To Net: NetName=BLANK_1 Pin=X1-5
Added Net: Name=BLANK_1
Added Pin To Net: NetName=BLANK_2 Pin=U1-27
Added Pin To Net: NetName=BLANK_2 Pin=X2-5
Added Net: Name=BLANK_2
Added Pin To Net: NetName=DIR_1 Pin=IC2-8
Added Pin To Net: NetName=DIR_1 Pin=R5-2
Added Pin To Net: NetName=DIR_1 Pin=U1-20
Added Pin To Net: NetName=DIR_1 Pin=X1-6
Added Net: Name=DIR_1
Added Pin To Net: NetName=DIR_2 Pin=U1-41
Added Pin To Net: NetName=DIR_2 Pin=X2-6
Added Net: Name=DIR_2
Added Pin To Net: NetName=EST Pin=R7-1
Added Pin To Net: NetName=EST Pin=U1-29
Added Pin To Net: NetName=EST Pin=X7-2
Added Net: Name=EST
Added Pin To Net: NetName=FILLED Pin=U1-33
Added Pin To Net: NetName=FILLED Pin=X8-2
Added Net: Name=FILLED
Added Pin To Net: NetName=G1 Pin=IC3-6
Added Pin To Net: NetName=G1 Pin=LED1_LED1-3
Added Net: Name=G1
Added Pin To Net: NetName=G2 Pin=IC3-9
Added Pin To Net: NetName=G2 Pin=LED1_LED2-3
Added Net: Name=G2
Added Pin To Net: NetName=G3 Pin=IC3-12
Added Pin To Net: NetName=G3 Pin=LED1_LED3-3
Added Net: Name=G3
Added Pin To Net: NetName=G4 Pin=IC3-15
Added Pin To Net: NetName=G4 Pin=LED1_LED4-3
Added Net: Name=G4
Added Pin To Net: NetName=G5 Pin=IC3-18
Added Pin To Net: NetName=G5 Pin=LED1_LED5-3
Added Net: Name=G5
Added Pin To Net: NetName=G6 Pin=IC3-21
Added Pin To Net: NetName=G6 Pin=LED1_LED6-3
Added Net: Name=G6
Added Pin To Net: NetName=G7 Pin=IC3-24
Added Pin To Net: NetName=G7 Pin=LED1_LED7-3
Added Net: Name=G7
Added Pin To Net: NetName=G8 Pin=IC3-27
Added Pin To Net: NetName=G8 Pin=LED1_LED8-3
Added Net: Name=G8
Added Pin To Net: NetName=GND Pin=C1-1
Added Pin To Net: NetName=GND Pin=C2-1
Added Pin To Net: NetName=GND Pin=C3-1
Added Pin To Net: NetName=GND Pin=C4-1
Added Pin To Net: NetName=GND Pin=C5-1
Added Pin To Net: NetName=GND Pin=C6-1
Added Pin To Net: NetName=GND Pin=C7-1
Added Pin To Net: NetName=GND Pin=C8-2
Added Pin To Net: NetName=GND Pin=C9-2
Added Pin To Net: NetName=GND Pin=C10-1
Added Pin To Net: NetName=GND Pin=C11-1
Added Pin To Net: NetName=GND Pin=C12-1
Added Pin To Net: NetName=GND Pin=IC1-2
Added Pin To Net: NetName=GND Pin=IC2-9
Added Pin To Net: NetName=GND Pin=IC2-15
Added Pin To Net: NetName=GND Pin=IC3-1
Added Pin To Net: NetName=GND Pin=J1-1
Added Pin To Net: NetName=GND Pin=J2-1
Added Pin To Net: NetName=GND Pin=J3-1
Added Pin To Net: NetName=GND Pin=J4-1
Added Pin To Net: NetName=GND Pin=J5-1
Added Pin To Net: NetName=GND Pin=LED1_LED1-1
Added Pin To Net: NetName=GND Pin=LED1_LED2-1
Added Pin To Net: NetName=GND Pin=LED1_LED3-1
Added Pin To Net: NetName=GND Pin=LED1_LED4-1
Added Pin To Net: NetName=GND Pin=LED1_LED5-1
Added Pin To Net: NetName=GND Pin=LED1_LED6-1
Added Pin To Net: NetName=GND Pin=LED1_LED7-1
Added Pin To Net: NetName=GND Pin=LED1_LED8-1
Added Pin To Net: NetName=GND Pin=R4-1
Added Pin To Net: NetName=GND Pin=R5-1
Added Pin To Net: NetName=GND Pin=R9-2
Added Pin To Net: NetName=GND Pin=R10-2
Added Pin To Net: NetName=GND Pin=R11-2
Added Pin To Net: NetName=GND Pin=R12-2
Added Pin To Net: NetName=GND Pin=S1-2
Added Pin To Net: NetName=GND Pin=S1-3
Added Pin To Net: NetName=GND Pin=S2-2
Added Pin To Net: NetName=GND Pin=S2-3
Added Pin To Net: NetName=GND Pin=U1-8
Added Pin To Net: NetName=GND Pin=U1-23
Added Pin To Net: NetName=GND Pin=U1-35
Added Pin To Net: NetName=GND Pin=U1-47
Added Pin To Net: NetName=GND Pin=X1-9
Added Pin To Net: NetName=GND Pin=X2-9
Added Pin To Net: NetName=GND Pin=X3-1
Added Pin To Net: NetName=GND Pin=X4-1
Added Pin To Net: NetName=GND Pin=X5-3
Added Pin To Net: NetName=GND Pin=X5-5
Added Pin To Net: NetName=GND Pin=X5-9
Added Pin To Net: NetName=GND Pin=X7-1
Added Net: Name=GND
Added Pin To Net: NetName=NetIC2_2 Pin=IC2-2
Added Pin To Net: NetName=NetIC2_2 Pin=J5-3
Added Net: Name=NetIC2_2
Added Pin To Net: NetName=NetIC2_3 Pin=IC2-3
Added Pin To Net: NetName=NetIC2_3 Pin=J4-3
Added Net: Name=NetIC2_3
Added Pin To Net: NetName=NetIC2_4 Pin=IC2-4
Added Pin To Net: NetName=NetIC2_4 Pin=J3-3
Added Net: Name=NetIC2_4
Added Pin To Net: NetName=NetIC2_5 Pin=IC2-5
Added Pin To Net: NetName=NetIC2_5 Pin=J2-3
Added Net: Name=NetIC2_5
Added Pin To Net: NetName=NetIC2_6 Pin=IC2-6
Added Pin To Net: NetName=NetIC2_6 Pin=J1-3
Added Net: Name=NetIC2_6
Added Pin To Net: NetName=NetIC3_29 Pin=IC3-29
Added Net: Name=NetIC3_29
Added Pin To Net: NetName=NetIC3_31 Pin=IC3-31
Added Pin To Net: NetName=NetIC3_31 Pin=R8-1
Added Net: Name=NetIC3_31
Added Pin To Net: NetName=NetR13_1 Pin=R13-1
Added Pin To Net: NetName=NetR13_1 Pin=X8-1
Added Net: Name=NetR13_1
Added Pin To Net: NetName=NetR14_1 Pin=R14-1
Added Pin To Net: NetName=NetR14_1 Pin=X9-1
Added Net: Name=NetR14_1
Added Pin To Net: NetName=NON Pin=U1-32
Added Pin To Net: NetName=NON Pin=X9-2
Added Net: Name=NON
Added Pin To Net: NetName=NRST Pin=R2-1
Added Pin To Net: NetName=NRST Pin=R6-1
Added Pin To Net: NetName=NRST Pin=S2-1
Added Pin To Net: NetName=NRST Pin=S2-4
Added Pin To Net: NetName=NRST Pin=U1-7
Added Pin To Net: NetName=NRST Pin=X5-10
Added Net: Name=NRST
Added Pin To Net: NetName=R1 Pin=IC3-5
Added Pin To Net: NetName=R1 Pin=LED1_LED1-2
Added Net: Name=R1
Added Pin To Net: NetName=R2 Pin=IC3-8
Added Pin To Net: NetName=R2 Pin=LED1_LED2-2
Added Net: Name=R2
Added Pin To Net: NetName=R3 Pin=IC3-11
Added Pin To Net: NetName=R3 Pin=LED1_LED3-2
Added Net: Name=R3
Added Pin To Net: NetName=R4 Pin=IC3-14
Added Pin To Net: NetName=R4 Pin=LED1_LED4-2
Added Net: Name=R4
Added Pin To Net: NetName=R5 Pin=IC3-17
Added Pin To Net: NetName=R5 Pin=LED1_LED5-2
Added Net: Name=R5
Added Pin To Net: NetName=R6 Pin=IC3-20
Added Pin To Net: NetName=R6 Pin=LED1_LED6-2
Added Net: Name=R6
Added Pin To Net: NetName=R7 Pin=IC3-23
Added Pin To Net: NetName=R7 Pin=LED1_LED7-2
Added Net: Name=R7
Added Pin To Net: NetName=R8 Pin=IC3-26
Added Pin To Net: NetName=R8 Pin=LED1_LED8-2
Added Net: Name=R8
Added Pin To Net: NetName=S1 Pin=R1-1
Added Pin To Net: NetName=S1 Pin=S1-1
Added Pin To Net: NetName=S1 Pin=S1-4
Added Pin To Net: NetName=S1 Pin=U1-10
Added Net: Name=S1
Added Pin To Net: NetName=SPI1_MOSI Pin=IC3-4
Added Pin To Net: NetName=SPI1_MOSI Pin=R10-1
Added Pin To Net: NetName=SPI1_MOSI Pin=U1-17
Added Pin To Net: NetName=SPI1_MOSI Pin=X1-7
Added Net: Name=SPI1_MOSI
Added Pin To Net: NetName=SPI1_SCK Pin=IC3-3
Added Pin To Net: NetName=SPI1_SCK Pin=R11-1
Added Pin To Net: NetName=SPI1_SCK Pin=U1-15
Added Pin To Net: NetName=SPI1_SCK Pin=X1-3
Added Net: Name=SPI1_SCK
Added Pin To Net: NetName=SPI1_XLAT Pin=IC3-30
Added Pin To Net: NetName=SPI1_XLAT Pin=R9-1
Added Pin To Net: NetName=SPI1_XLAT Pin=U1-14
Added Pin To Net: NetName=SPI1_XLAT Pin=X1-1
Added Net: Name=SPI1_XLAT
Added Pin To Net: NetName=SPI2_MOSI Pin=U1-28
Added Pin To Net: NetName=SPI2_MOSI Pin=X2-7
Added Net: Name=SPI2_MOSI
Added Pin To Net: NetName=SPI2_SCK Pin=U1-26
Added Pin To Net: NetName=SPI2_SCK Pin=X2-3
Added Net: Name=SPI2_SCK
Added Pin To Net: NetName=SPI2_XLAT Pin=U1-25
Added Pin To Net: NetName=SPI2_XLAT Pin=X2-1
Added Net: Name=SPI2_XLAT
Added Pin To Net: NetName=STEP_1 Pin=IC2-7
Added Pin To Net: NetName=STEP_1 Pin=R4-2
Added Pin To Net: NetName=STEP_1 Pin=U1-19
Added Pin To Net: NetName=STEP_1 Pin=X1-4
Added Net: Name=STEP_1
Added Pin To Net: NetName=STEP_2 Pin=U1-40
Added Pin To Net: NetName=STEP_2 Pin=X2-4
Added Net: Name=STEP_2
Added Pin To Net: NetName=SWCLK Pin=U1-37
Added Pin To Net: NetName=SWCLK Pin=X5-4
Added Net: Name=SWCLK
Added Pin To Net: NetName=SWDIO Pin=U1-34
Added Pin To Net: NetName=SWDIO Pin=X5-2
Added Net: Name=SWDIO
Added Pin To Net: NetName=UART_RX Pin=U1-31
Added Pin To Net: NetName=UART_RX Pin=X4-3
Added Net: Name=UART_RX
Added Pin To Net: NetName=UART_TX Pin=U1-30
Added Pin To Net: NetName=UART_TX Pin=X4-2
Added Net: Name=UART_TX
Added Pin To Net: NetName=VMOT Pin=C7-2
Added Pin To Net: NetName=VMOT Pin=C8-1
Added Pin To Net: NetName=VMOT Pin=C11-2
Added Pin To Net: NetName=VMOT Pin=IC1-1
Added Pin To Net: NetName=VMOT Pin=IC1-3
Added Pin To Net: NetName=VMOT Pin=IC2-16
Added Pin To Net: NetName=VMOT Pin=X1-10
Added Pin To Net: NetName=VMOT Pin=X2-10
Added Pin To Net: NetName=VMOT Pin=X3-2
Added Net: Name=VMOT
Added Class: Name=FillLevelSensor
Added Class: Name=LED1
Added Class: Name=LED2
Added Class: Name=LED3
Added Class: Name=LED4
Added Class: Name=LED5
Added Class: Name=LED6
Added Class: Name=LED7
Added Class: Name=LED8
Added Class: Name=LedLogic
Added Class: Name=Schematic
Added Class: Name=B[8..1]
Added Class: Name=G[8..1]
Added Class: Name=R[8..1]
Added Class: Name=LED
Added Room: Name=FillLevelSensor
Added Room: Name=LED1
Added Room: Name=LED2
Added Room: Name=LED3
Added Room: Name=LED4
Added Room: Name=LED5
Added Room: Name=LED6
Added Room: Name=LED7
Added Room: Name=LED8
Added Room: Name=LedLogic
Added Room: Name=Schematic
